
> crypto-trading-dashboard@0.1.0 dev
> next dev

   ▲ Next.js 14.0.4
   - Local:        http://localhost:3000
   - Environments: .env.local

 ✓ Ready in 1135ms
 ○ Compiling / ...
 ✓ Compiled / in 1685ms (497 modules)
 ⚠ Unsupported metadata viewport is configured in metadata export in /. Please move it to viewport export instead.
Read more: https://nextjs.org/docs/app/api-reference/functions/generate-viewport
 ⚠ Unsupported metadata viewport is configured in metadata export in /. Please move it to viewport export instead.
Read more: https://nextjs.org/docs/app/api-reference/functions/generate-viewport
 ✓ Compiled in 215ms (238 modules)
 ✓ Compiled /favicon.ico in 378ms (502 modules)
 ⚠ Unsupported metadata viewport is configured in metadata export in /. Please move it to viewport export instead.
Read more: https://nextjs.org/docs/app/api-reference/functions/generate-viewport
 ○ Compiling /api/log-error ...
 ✓ Compiled /api/log-error in 1478ms (1614 modules)
[36m[BROWSER LOG][0m 3:09:17 PM /
[36m│[0m [Fast Refresh] rebuilding
[36m└[0m User Agent: Mozilla/5.0...

[36m[BROWSER LOG][0m 3:09:17 PM /
[36m│[0m [Fast Refresh] rebuilding
[36m└[0m User Agent: Mozilla/5.0...

 ⚠ Unsupported metadata viewport is configured in metadata export in /dashboard?_rsc=2kyzq. Please move it to viewport export instead.
Read more: https://nextjs.org/docs/app/api-reference/functions/generate-viewport
[36m[BROWSER LOG][0m 3:09:19 PM /dashboard
[36m│[0m 🚀 Dashboard component mounted
[36m└[0m User Agent: Mozilla/5.0...

[36m[BROWSER LOG][0m 3:09:19 PM /dashboard
[36m│[0m 🚀 Dashboard component mounted
[36m└[0m User Agent: Mozilla/5.0...

[36m[BROWSER LOG][0m 3:09:19 PM /dashboard
[36m│[0m 🔄 Fetching dashboard data...
[36m└[0m User Agent: Mozilla/5.0...

[36m[BROWSER LOG][0m 3:09:19 PM /dashboard
[36m│[0m 🔄 Fetching dashboard data...
[36m└[0m User Agent: Mozilla/5.0...

[36m[BROWSER LOG][0m 3:09:19 PM /dashboard
[36m│[0m 🚀 Dashboard component mounted
[36m└[0m User Agent: Mozilla/5.0...

[36m[BROWSER LOG][0m 3:09:19 PM /dashboard
[36m│[0m 🚀 Dashboard component mounted
[36m└[0m User Agent: Mozilla/5.0...

[36m[BROWSER LOG][0m 3:09:19 PM /dashboard
[36m│[0m 🔄 Fetching dashboard data...
[36m└[0m User Agent: Mozilla/5.0...

[36m[BROWSER LOG][0m 3:09:19 PM /dashboard
[36m│[0m 🔄 Fetching dashboard data...
[36m└[0m User Agent: Mozilla/5.0...

[36m[BROWSER LOG][0m 3:09:19 PM /dashboard
[36m│[0m ✅ Dashboard data loaded successfully
[36m└[0m User Agent: Mozilla/5.0...

[36m[BROWSER LOG][0m 3:09:19 PM /dashboard
[36m│[0m ✅ Dashboard data loaded successfully
[36m└[0m User Agent: Mozilla/5.0...

[36m[BROWSER LOG][0m 3:09:19 PM /dashboard
[36m│[0m ✅ Dashboard data loaded successfully
[36m└[0m User Agent: Mozilla/5.0...

[36m[BROWSER LOG][0m 3:09:19 PM /dashboard
[36m│[0m ✅ Dashboard data loaded successfully
[36m└[0m User Agent: Mozilla/5.0...

[36m[BROWSER LOG][0m 3:09:29 PM /dashboard
[36m│[0m 🔄 Fetching dashboard data...
[36m└[0m User Agent: Mozilla/5.0...

[36m[BROWSER LOG][0m 3:09:29 PM /dashboard
[36m│[0m 🔄 Fetching dashboard data...
[36m└[0m User Agent: Mozilla/5.0...

[36m[BROWSER LOG][0m 3:09:29 PM /dashboard
[36m│[0m ✅ Dashboard data loaded successfully
[36m└[0m User Agent: Mozilla/5.0...

[36m[BROWSER LOG][0m 3:09:29 PM /dashboard
[36m│[0m ✅ Dashboard data loaded successfully
[36m└[0m User Agent: Mozilla/5.0...

[36m[BROWSER LOG][0m 3:09:39 PM /dashboard
[36m│[0m 🔄 Fetching dashboard data...
[36m└[0m User Agent: Mozilla/5.0...

[36m[BROWSER LOG][0m 3:09:39 PM /dashboard
[36m│[0m 🔄 Fetching dashboard data...
[36m└[0m User Agent: Mozilla/5.0...

[36m[BROWSER LOG][0m 3:09:40 PM /dashboard
[36m│[0m ✅ Dashboard data loaded successfully
[36m└[0m User Agent: Mozilla/5.0...

[36m[BROWSER LOG][0m 3:09:40 PM /dashboard
[36m│[0m ✅ Dashboard data loaded successfully
[36m└[0m User Agent: Mozilla/5.0...

[36m[BROWSER LOG][0m 3:09:49 PM /dashboard
[36m│[0m 🔄 Fetching dashboard data...
[36m└[0m User Agent: Mozilla/5.0...

[36m[BROWSER LOG][0m 3:09:49 PM /dashboard
[36m│[0m 🔄 Fetching dashboard data...
[36m└[0m User Agent: Mozilla/5.0...

[36m[BROWSER LOG][0m 3:09:50 PM /dashboard
[36m│[0m ✅ Dashboard data loaded successfully
[36m└[0m User Agent: Mozilla/5.0...

[36m[BROWSER LOG][0m 3:09:50 PM /dashboard
[36m│[0m ✅ Dashboard data loaded successfully
[36m└[0m User Agent: Mozilla/5.0...

[36m[BROWSER LOG][0m 3:09:59 PM /dashboard
[36m│[0m 🔄 Fetching dashboard data...
[36m└[0m User Agent: Mozilla/5.0...

[36m[BROWSER LOG][0m 3:09:59 PM /dashboard
[36m│[0m 🔄 Fetching dashboard data...
[36m└[0m User Agent: Mozilla/5.0...

[36m[BROWSER LOG][0m 3:10:00 PM /dashboard
[36m│[0m ✅ Dashboard data loaded successfully
[36m└[0m User Agent: Mozilla/5.0...

[36m[BROWSER LOG][0m 3:10:00 PM /dashboard
[36m│[0m ✅ Dashboard data loaded successfully
[36m└[0m User Agent: Mozilla/5.0...

[36m[BROWSER LOG][0m 3:10:09 PM /dashboard
[36m│[0m 🔄 Fetching dashboard data...
[36m└[0m User Agent: Mozilla/5.0...

[36m[BROWSER LOG][0m 3:10:09 PM /dashboard
[36m│[0m 🔄 Fetching dashboard data...
[36m└[0m User Agent: Mozilla/5.0...

[36m[BROWSER LOG][0m 3:10:10 PM /dashboard
[36m│[0m ✅ Dashboard data loaded successfully
[36m└[0m User Agent: Mozilla/5.0...

[36m[BROWSER LOG][0m 3:10:10 PM /dashboard
[36m│[0m ✅ Dashboard data loaded successfully
[36m└[0m User Agent: Mozilla/5.0...

